<?xml version="1.0" encoding="UTF-8"?>
<!-- Generated by org.testng.reporters.JUnitXMLReporter -->
<testsuite hostname="Chandan" ignored="0" name="Test" tests="4" failures="0" timestamp="2020-07-18T11:48:07 IST" time="0.08" errors="0">
  <testcase name="PostJira" time="0.011" classname="Demomaven.RestAPITest"/>
  <testcase name="deleteTwitter" time="0.002" classname="Demomaven.RestAPITest"/>
  <testcase name="BrowserAutomation" time="0.002" classname="Demomaven.SeleniumTest"/>
  <testcase name="elementsUi" time="0.004" classname="Demomaven.SeleniumTest"/>
</testsuite> <!-- Test -->
