<?xml version="1.0" encoding="UTF-8"?>
<!-- Generated by org.testng.reporters.JUnitXMLReporter -->
<testsuite hostname="Chandan" ignored="0" name="Command line test" tests="6" failures="0" timestamp="2020-07-18T11:48:59 IST" time="0.072" errors="0">
  <testcase name="AndroidAPPs" time="0.009" classname="Demomaven.AppiumTest"/>
  <testcase name="IOSapp" time="0.0" classname="Demomaven.AppiumTest"/>
  <testcase name="PostJira" time="0.001" classname="Demomaven.RestAPITest"/>
  <testcase name="deleteTwitter" time="0.001" classname="Demomaven.RestAPITest"/>
  <testcase name="BrowserAutomation" time="0.0" classname="Demomaven.SeleniumTest"/>
  <testcase name="elementsUi" time="0.0" classname="Demomaven.SeleniumTest"/>
</testsuite> <!-- Command line test -->
