<?xml version="1.0" encoding="UTF-8"?>
<!-- Generated by org.testng.reporters.JUnitXMLReporter -->
<testsuite hostname="Chandan" ignored="0" name="Test" tests="4" failures="0" timestamp="2020-07-15T20:20:12 IST" time="0.078" errors="0">
  <testcase name="PostJira" time="0.005" classname="Demomaven.RestAPITest"/>
  <testcase name="deleteTwitter" time="0.001" classname="Demomaven.RestAPITest"/>
  <testcase name="BrowserAutomation" time="0.001" classname="Demomaven.SeleniumTest"/>
  <testcase name="elementsUi" time="0.001" classname="Demomaven.SeleniumTest"/>
</testsuite> <!-- Test -->
