<?xml version="1.0" encoding="UTF-8"?>
<testng-results skipped="0" failed="0" ignored="0" total="6" passed="6">
  <reporter-output>
  </reporter-output>
  <suite name="Command line suite" duration-ms="72" started-at="2020-07-18T11:48:59 IST" finished-at="2020-07-18T11:48:59 IST">
    <groups>
    </groups>
    <test name="Command line test" duration-ms="72" started-at="2020-07-18T11:48:59 IST" finished-at="2020-07-18T11:48:59 IST">
      <class name="Demomaven.RestAPITest">
        <test-method status="PASS" signature="PostJira()[pri:0, instance:Demomaven.RestAPITest@4566e5bd]" name="PostJira" duration-ms="1" started-at="2020-07-18T11:48:59 IST" finished-at="2020-07-18T11:48:59 IST">
          <reporter-output>
          </reporter-output>
        </test-method> <!-- PostJira -->
        <test-method status="PASS" signature="deleteTwitter()[pri:0, instance:Demomaven.RestAPITest@4566e5bd]" name="deleteTwitter" duration-ms="1" started-at="2020-07-18T11:48:59 IST" finished-at="2020-07-18T11:48:59 IST">
          <reporter-output>
          </reporter-output>
        </test-method> <!-- deleteTwitter -->
      </class> <!-- Demomaven.RestAPITest -->
      <class name="Demomaven.AppiumTest">
        <test-method status="PASS" signature="AndroidAPPs()[pri:0, instance:Demomaven.AppiumTest@56ef9176]" name="AndroidAPPs" duration-ms="9" started-at="2020-07-18T11:48:59 IST" finished-at="2020-07-18T11:48:59 IST">
          <reporter-output>
          </reporter-output>
        </test-method> <!-- AndroidAPPs -->
        <test-method status="PASS" signature="IOSapp()[pri:0, instance:Demomaven.AppiumTest@56ef9176]" name="IOSapp" duration-ms="0" started-at="2020-07-18T11:48:59 IST" finished-at="2020-07-18T11:48:59 IST">
          <reporter-output>
          </reporter-output>
        </test-method> <!-- IOSapp -->
      </class> <!-- Demomaven.AppiumTest -->
      <class name="Demomaven.SeleniumTest">
        <test-method status="PASS" signature="BrowserAutomation()[pri:0, instance:Demomaven.SeleniumTest@1ed4004b]" name="BrowserAutomation" duration-ms="0" started-at="2020-07-18T11:48:59 IST" finished-at="2020-07-18T11:48:59 IST">
          <reporter-output>
          </reporter-output>
        </test-method> <!-- BrowserAutomation -->
        <test-method status="PASS" signature="elementsUi()[pri:0, instance:Demomaven.SeleniumTest@1ed4004b]" name="elementsUi" duration-ms="0" started-at="2020-07-18T11:48:59 IST" finished-at="2020-07-18T11:48:59 IST">
          <reporter-output>
          </reporter-output>
        </test-method> <!-- elementsUi -->
      </class> <!-- Demomaven.SeleniumTest -->
    </test> <!-- Command line test -->
  </suite> <!-- Command line suite -->
</testng-results>
