<?xml version="1.0" encoding="UTF-8"?>
<testng-results skipped="0" failed="0" ignored="0" total="4" passed="4">
  <reporter-output>
  </reporter-output>
  <suite name="Suite" duration-ms="80" started-at="2020-07-18T11:48:07 IST" finished-at="2020-07-18T11:48:07 IST">
    <groups>
    </groups>
    <test name="Test" duration-ms="80" started-at="2020-07-18T11:48:07 IST" finished-at="2020-07-18T11:48:07 IST">
      <class name="Demomaven.RestAPITest">
        <test-method status="PASS" signature="PostJira()[pri:0, instance:Demomaven.RestAPITest@4b1c1ea0]" name="PostJira" duration-ms="11" started-at="2020-07-18T11:48:07 IST" finished-at="2020-07-18T11:48:07 IST">
          <reporter-output>
          </reporter-output>
        </test-method> <!-- PostJira -->
        <test-method status="PASS" signature="deleteTwitter()[pri:0, instance:Demomaven.RestAPITest@4b1c1ea0]" name="deleteTwitter" duration-ms="2" started-at="2020-07-18T11:48:07 IST" finished-at="2020-07-18T11:48:07 IST">
          <reporter-output>
          </reporter-output>
        </test-method> <!-- deleteTwitter -->
      </class> <!-- Demomaven.RestAPITest -->
      <class name="Demomaven.SeleniumTest">
        <test-method status="PASS" signature="BrowserAutomation()[pri:0, instance:Demomaven.SeleniumTest@17579e0f]" name="BrowserAutomation" duration-ms="2" started-at="2020-07-18T11:48:07 IST" finished-at="2020-07-18T11:48:07 IST">
          <reporter-output>
          </reporter-output>
        </test-method> <!-- BrowserAutomation -->
        <test-method status="PASS" signature="elementsUi()[pri:0, instance:Demomaven.SeleniumTest@17579e0f]" name="elementsUi" duration-ms="4" started-at="2020-07-18T11:48:07 IST" finished-at="2020-07-18T11:48:07 IST">
          <reporter-output>
          </reporter-output>
        </test-method> <!-- elementsUi -->
      </class> <!-- Demomaven.SeleniumTest -->
    </test> <!-- Test -->
  </suite> <!-- Suite -->
</testng-results>
